<?xml version="1.0" encoding="UTF-8"?>
<!-- Generated by org.testng.reporters.JUnitXMLReporter -->
<testsuite ignored="0" hostname="LAPTOP-CVO18DI5" failures="0" tests="6" name="functionalTest" time="0.088" errors="0" timestamp="2022-05-04T21:07:05 IST">
  <testcase classname="TestAnotationPractice.Testcase3" name="m1" time="0.007"/>
  <testcase classname="TestAnotationPractice.Testcase3" name="m2" time="0.002"/>
  <testcase classname="TestAnotationPractice.Testcase3" name="m3" time="0.001"/>
  <testcase classname="TestAnotationPractice.Testcase4" name="m4" time="0.002"/>
  <testcase classname="TestAnotationPractice.Testcase4" name="m5" time="0.002"/>
  <testcase classname="TestAnotationPractice.Testcase4" name="m6" time="0.003"/>
</testsuite> <!-- functionalTest -->
