<?xml version="1.0" encoding="UTF-8"?>
<!-- Generated by org.testng.reporters.JUnitXMLReporter -->
<testsuite ignored="0" hostname="LAPTOP-CVO18DI5" failures="0" tests="6" name="chromeBrowserTest" time="29.515" errors="0" timestamp="2022-05-12T00:00:19 IST">
  <testcase classname="Parameterization_crossbrowser.AllBrowserTesting" name="crossBrowserTesting" time="25.721"/>
  <testcase classname="Parameterization_crossbrowser.AllBrowserTesting" name="verifyCurrenturl" time="0.024"/>
  <testcase classname="Parameterization_crossbrowser.AllBrowserTesting" name="verifyPageTitle" time="0.039"/>
  <testcase classname="Parameterization_crossbrowser.AllBrowserTesting" name="verifyUsernameField" time="1.779"/>
  <testcase classname="Parameterization_crossbrowser.AllBrowserTesting" name="verifyPasswordField" time="0.367"/>
  <testcase classname="Parameterization_crossbrowser.AllBrowserTesting" name="clickLoginButton" time="1.37"/>
</testsuite> <!-- chromeBrowserTest -->
