<?xml version="1.0" encoding="UTF-8"?>
<!-- Generated by org.testng.reporters.JUnitXMLReporter -->
<testsuite ignored="0" hostname="LAPTOP-CVO18DI5" failures="0" tests="6" name="firefoxBrowserTest" time="59.797" errors="0" timestamp="2022-05-12T00:00:49 IST">
  <testcase classname="Parameterization_crossbrowser.AllBrowserTesting" name="crossBrowserTesting" time="51.285"/>
  <testcase classname="Parameterization_crossbrowser.AllBrowserTesting" name="verifyCurrenturl" time="0.115"/>
  <testcase classname="Parameterization_crossbrowser.AllBrowserTesting" name="verifyPageTitle" time="0.164"/>
  <testcase classname="Parameterization_crossbrowser.AllBrowserTesting" name="verifyUsernameField" time="3.868"/>
  <testcase classname="Parameterization_crossbrowser.AllBrowserTesting" name="verifyPasswordField" time="1.135"/>
  <testcase classname="Parameterization_crossbrowser.AllBrowserTesting" name="clickLoginButton" time="3.165"/>
</testsuite> <!-- firefoxBrowserTest -->
