<?xml version="1.0" encoding="UTF-8"?>
<!-- Generated by org.testng.reporters.JUnitXMLReporter -->
<testsuite ignored="0" hostname="LAPTOP-CVO18DI5" failures="0" tests="9" name="End to End  Test" time="0.11" errors="0" timestamp="2022-05-08T20:54:20 IST">
  <testcase classname="Groupingpractice.Testcase1" name="Test1" time="0.008"/>
  <testcase classname="Groupingpractice.Testcase1" name="Test2" time="0.001"/>
  <testcase classname="Groupingpractice.Testcase1" name="Test3" time="0.002"/>
  <testcase classname="Groupingpractice.Testcase2" name="Test4" time="0.001"/>
  <testcase classname="Groupingpractice.Testcase2" name="Test5" time="0.002"/>
  <testcase classname="Groupingpractice.Testcase2" name="Test6" time="0.002"/>
  <testcase classname="Groupingpractice.Testcase3" name="Test7" time="0.001"/>
  <testcase classname="Groupingpractice.Testcase3" name="Test8" time="0.002"/>
  <testcase classname="Groupingpractice.Testcase3" name="Test9" time="0.002"/>
</testsuite> <!-- End to End  Test -->
