<?xml version="1.0" encoding="UTF-8"?>
<!-- Generated by org.testng.reporters.JUnitXMLReporter -->
<testsuite ignored="6" hostname="LAPTOP-CVO18DI5" failures="0" tests="3" name="functional Test" time="0.108" errors="0" timestamp="2022-05-08T20:50:46 IST">
  <testcase classname="Groupingpractice.Testcase1" name="Test3" time="0.01"/>
  <testcase classname="Groupingpractice.Testcase2" name="Test6" time="0.004"/>
  <testcase classname="Groupingpractice.Testcase3" name="Test9" time="0.003"/>
  <testcase classname="Groupingpractice.Testcase1" name="Test1" time="0.0">
    <ignored/>
  </testcase> <!-- Test1 -->
  <testcase classname="Groupingpractice.Testcase1" name="Test2" time="0.0">
    <ignored/>
  </testcase> <!-- Test2 -->
  <testcase classname="Groupingpractice.Testcase3" name="Test7" time="0.0">
    <ignored/>
  </testcase> <!-- Test7 -->
  <testcase classname="Groupingpractice.Testcase2" name="Test5" time="0.0">
    <ignored/>
  </testcase> <!-- Test5 -->
  <testcase classname="Groupingpractice.Testcase2" name="Test4" time="0.0">
    <ignored/>
  </testcase> <!-- Test4 -->
  <testcase classname="Groupingpractice.Testcase3" name="Test8" time="0.0">
    <ignored/>
  </testcase> <!-- Test8 -->
</testsuite> <!-- functional Test -->
